2020-04-10 16:49:49 Debug: Array
(
    [0] => App\DataObject\CardBookInfo Object
        (
            [cardId] => 1
            [tagId] => 1
            [occassionId] => 1
            [categoryId] => 1
            [isPresent] => 1
            [lastMaintTs] => paperdocks-ws
            [lastMaintId] => 2020-04-10 16:26:54
            [optCounter] => 0
        )

)

2020-04-10 16:49:49 Notice: Notice (8): Undefined variable: cakeDescription in [/opt/lampp/htdocs/Paperdocks/src/Template/Pages/home.ctp, line 7]
Request URL: /
Trace:
Cake\Error\BaseErrorHandler::handleError() - CORE/src/Error/BaseErrorHandler.php, line 168
Cake\Core\BasePlugin::{closure}() - ROOT/vendor/cakephp/debug_kit/config/bootstrap.php, line 43
include - APP/Template/Pages/home.ctp, line 7
Cake\View\View::_evaluate() - CORE/src/View/View.php, line 1420
Cake\View\View::_render() - CORE/src/View/View.php, line 1381
Cake\View\View::render() - CORE/src/View/View.php, line 879
Cake\Controller\Controller::render() - CORE/src/Controller/Controller.php, line 795
App\Controller\PagesController::display() - APP/Controller/PagesController.php, line 61
Cake\Controller\Controller::invokeAction() - CORE/src/Controller/Controller.php, line 609
Cake\Http\ActionDispatcher::_invoke() - CORE/src/Http/ActionDispatcher.php, line 120
Cake\Http\ActionDispatcher::dispatch() - CORE/src/Http/ActionDispatcher.php, line 94
Cake\Http\BaseApplication::__invoke() - CORE/src/Http/BaseApplication.php, line 234
Cake\Http\Runner::__invoke() - CORE/src/Http/Runner.php, line 65
Cake\Http\Runner::__invoke() - CORE/src/Http/Runner.php, line 65
Cake\Http\Middleware\CsrfProtectionMiddleware::__invoke() - CORE/src/Http/Middleware/CsrfProtectionMiddleware.php, line 124
Cake\Http\Runner::__invoke() - CORE/src/Http/Runner.php, line 65
Cake\Http\Runner::run() - CORE/src/Http/Runner.php, line 51
Cake\Routing\Middleware\RoutingMiddleware::__invoke() - CORE/src/Routing/Middleware/RoutingMiddleware.php, line 168
Cake\Http\Runner::__invoke() - CORE/src/Http/Runner.php, line 65
Cake\Routing\Middleware\AssetMiddleware::__invoke() - CORE/src/Routing/Middleware/AssetMiddleware.php, line 88
Cake\Http\Runner::__invoke() - CORE/src/Http/Runner.php, line 65
Cake\Error\Middleware\ErrorHandlerMiddleware::__invoke() - CORE/src/Error/Middleware/ErrorHandlerMiddleware.php, line 96
Cake\Http\Runner::__invoke() - CORE/src/Http/Runner.php, line 65
DebugKit\Middleware\DebugKitMiddleware::__invoke() - ROOT/vendor/cakephp/debug_kit/src/Middleware/DebugKitMiddleware.php, line 53
Cake\Http\Runner::__invoke() - CORE/src/Http/Runner.php, line 65
Cake\Http\Runner::run() - CORE/src/Http/Runner.php, line 51
Cake\Http\Server::run() - CORE/src/Http/Server.php, line 97
require - ROOT/webroot/index.php, line 40
[main] - ROOT/index.php, line 16



2020-04-10 16:51:48 Debug: Array
(
    [0] => App\DataObject\CardBookInfo Object
        (
            [cardId] => 1
            [tagId] => 1
            [occassionId] => 1
            [categoryId] => 1
            [isPresent] => 1
            [lastMaintTs] => paperdocks-ws
            [lastMaintId] => 2020-04-10 16:26:54
            [optCounter] => 0
        )

)

2020-04-10 16:51:48 Notice: Notice (8): Undefined variable: cakeDescription in [/opt/lampp/htdocs/Paperdocks/src/Template/Pages/home.ctp, line 7]
Request URL: /
Trace:
Cake\Error\BaseErrorHandler::handleError() - CORE/src/Error/BaseErrorHandler.php, line 168
Cake\Core\BasePlugin::{closure}() - ROOT/vendor/cakephp/debug_kit/config/bootstrap.php, line 43
include - APP/Template/Pages/home.ctp, line 7
Cake\View\View::_evaluate() - CORE/src/View/View.php, line 1420
Cake\View\View::_render() - CORE/src/View/View.php, line 1381
Cake\View\View::render() - CORE/src/View/View.php, line 879
Cake\Controller\Controller::render() - CORE/src/Controller/Controller.php, line 795
App\Controller\PagesController::display() - APP/Controller/PagesController.php, line 61
Cake\Controller\Controller::invokeAction() - CORE/src/Controller/Controller.php, line 609
Cake\Http\ActionDispatcher::_invoke() - CORE/src/Http/ActionDispatcher.php, line 120
Cake\Http\ActionDispatcher::dispatch() - CORE/src/Http/ActionDispatcher.php, line 94
Cake\Http\BaseApplication::__invoke() - CORE/src/Http/BaseApplication.php, line 234
Cake\Http\Runner::__invoke() - CORE/src/Http/Runner.php, line 65
Cake\Http\Runner::__invoke() - CORE/src/Http/Runner.php, line 65
Cake\Http\Middleware\CsrfProtectionMiddleware::__invoke() - CORE/src/Http/Middleware/CsrfProtectionMiddleware.php, line 124
Cake\Http\Runner::__invoke() - CORE/src/Http/Runner.php, line 65
Cake\Http\Runner::run() - CORE/src/Http/Runner.php, line 51
Cake\Routing\Middleware\RoutingMiddleware::__invoke() - CORE/src/Routing/Middleware/RoutingMiddleware.php, line 168
Cake\Http\Runner::__invoke() - CORE/src/Http/Runner.php, line 65
Cake\Routing\Middleware\AssetMiddleware::__invoke() - CORE/src/Routing/Middleware/AssetMiddleware.php, line 88
Cake\Http\Runner::__invoke() - CORE/src/Http/Runner.php, line 65
Cake\Error\Middleware\ErrorHandlerMiddleware::__invoke() - CORE/src/Error/Middleware/ErrorHandlerMiddleware.php, line 96
Cake\Http\Runner::__invoke() - CORE/src/Http/Runner.php, line 65
DebugKit\Middleware\DebugKitMiddleware::__invoke() - ROOT/vendor/cakephp/debug_kit/src/Middleware/DebugKitMiddleware.php, line 53
Cake\Http\Runner::__invoke() - CORE/src/Http/Runner.php, line 65
Cake\Http\Runner::run() - CORE/src/Http/Runner.php, line 51
Cake\Http\Server::run() - CORE/src/Http/Server.php, line 97
require - ROOT/webroot/index.php, line 40
[main] - ROOT/index.php, line 16



2020-04-10 16:55:19 Debug: Array
(
    [0] => App\DataObject\CardBookInfo Object
        (
            [cardId] => 1
            [tagId] => 1
            [occassionId] => 1
            [categoryId] => 1
            [isPresent] => 1
            [lastMaintTs] => paperdocks-ws
            [lastMaintId] => 2020-04-10 16:26:54
            [optCounter] => 0
        )

)

2020-04-10 16:55:19 Notice: Notice (8): Undefined variable: cakeDescription in [/opt/lampp/htdocs/Paperdocks/src/Template/Pages/home.ctp, line 7]
Request URL: /
Trace:
Cake\Error\BaseErrorHandler::handleError() - CORE/src/Error/BaseErrorHandler.php, line 168
Cake\Core\BasePlugin::{closure}() - ROOT/vendor/cakephp/debug_kit/config/bootstrap.php, line 43
include - APP/Template/Pages/home.ctp, line 7
Cake\View\View::_evaluate() - CORE/src/View/View.php, line 1420
Cake\View\View::_render() - CORE/src/View/View.php, line 1381
Cake\View\View::render() - CORE/src/View/View.php, line 879
Cake\Controller\Controller::render() - CORE/src/Controller/Controller.php, line 795
App\Controller\PagesController::display() - APP/Controller/PagesController.php, line 61
Cake\Controller\Controller::invokeAction() - CORE/src/Controller/Controller.php, line 609
Cake\Http\ActionDispatcher::_invoke() - CORE/src/Http/ActionDispatcher.php, line 120
Cake\Http\ActionDispatcher::dispatch() - CORE/src/Http/ActionDispatcher.php, line 94
Cake\Http\BaseApplication::__invoke() - CORE/src/Http/BaseApplication.php, line 234
Cake\Http\Runner::__invoke() - CORE/src/Http/Runner.php, line 65
Cake\Http\Runner::__invoke() - CORE/src/Http/Runner.php, line 65
Cake\Http\Middleware\CsrfProtectionMiddleware::__invoke() - CORE/src/Http/Middleware/CsrfProtectionMiddleware.php, line 124
Cake\Http\Runner::__invoke() - CORE/src/Http/Runner.php, line 65
Cake\Http\Runner::run() - CORE/src/Http/Runner.php, line 51
Cake\Routing\Middleware\RoutingMiddleware::__invoke() - CORE/src/Routing/Middleware/RoutingMiddleware.php, line 168
Cake\Http\Runner::__invoke() - CORE/src/Http/Runner.php, line 65
Cake\Routing\Middleware\AssetMiddleware::__invoke() - CORE/src/Routing/Middleware/AssetMiddleware.php, line 88
Cake\Http\Runner::__invoke() - CORE/src/Http/Runner.php, line 65
Cake\Error\Middleware\ErrorHandlerMiddleware::__invoke() - CORE/src/Error/Middleware/ErrorHandlerMiddleware.php, line 96
Cake\Http\Runner::__invoke() - CORE/src/Http/Runner.php, line 65
DebugKit\Middleware\DebugKitMiddleware::__invoke() - ROOT/vendor/cakephp/debug_kit/src/Middleware/DebugKitMiddleware.php, line 53
Cake\Http\Runner::__invoke() - CORE/src/Http/Runner.php, line 65
Cake\Http\Runner::run() - CORE/src/Http/Runner.php, line 51
Cake\Http\Server::run() - CORE/src/Http/Server.php, line 97
require - ROOT/webroot/index.php, line 40
[main] - ROOT/index.php, line 16



2020-04-10 16:55:49 Debug: Array
(
    [0] => App\DataObject\CardBookInfo Object
        (
            [cardId] => 1
            [tagId] => 1
            [occassionId] => 1
            [categoryId] => 1
            [isPresent] => 1
            [lastMaintTs] => paperdocks-ws
            [lastMaintId] => 2020-04-10 16:26:54
            [optCounter] => 0
        )

)

2020-04-10 16:55:49 Notice: Notice (8): Undefined variable: cakeDescription in [/opt/lampp/htdocs/Paperdocks/src/Template/Pages/home.ctp, line 7]
Request URL: /
Trace:
Cake\Error\BaseErrorHandler::handleError() - CORE/src/Error/BaseErrorHandler.php, line 168
Cake\Core\BasePlugin::{closure}() - ROOT/vendor/cakephp/debug_kit/config/bootstrap.php, line 43
include - APP/Template/Pages/home.ctp, line 7
Cake\View\View::_evaluate() - CORE/src/View/View.php, line 1420
Cake\View\View::_render() - CORE/src/View/View.php, line 1381
Cake\View\View::render() - CORE/src/View/View.php, line 879
Cake\Controller\Controller::render() - CORE/src/Controller/Controller.php, line 795
App\Controller\PagesController::display() - APP/Controller/PagesController.php, line 61
Cake\Controller\Controller::invokeAction() - CORE/src/Controller/Controller.php, line 609
Cake\Http\ActionDispatcher::_invoke() - CORE/src/Http/ActionDispatcher.php, line 120
Cake\Http\ActionDispatcher::dispatch() - CORE/src/Http/ActionDispatcher.php, line 94
Cake\Http\BaseApplication::__invoke() - CORE/src/Http/BaseApplication.php, line 234
Cake\Http\Runner::__invoke() - CORE/src/Http/Runner.php, line 65
Cake\Http\Runner::__invoke() - CORE/src/Http/Runner.php, line 65
Cake\Http\Middleware\CsrfProtectionMiddleware::__invoke() - CORE/src/Http/Middleware/CsrfProtectionMiddleware.php, line 124
Cake\Http\Runner::__invoke() - CORE/src/Http/Runner.php, line 65
Cake\Http\Runner::run() - CORE/src/Http/Runner.php, line 51
Cake\Routing\Middleware\RoutingMiddleware::__invoke() - CORE/src/Routing/Middleware/RoutingMiddleware.php, line 168
Cake\Http\Runner::__invoke() - CORE/src/Http/Runner.php, line 65
Cake\Routing\Middleware\AssetMiddleware::__invoke() - CORE/src/Routing/Middleware/AssetMiddleware.php, line 88
Cake\Http\Runner::__invoke() - CORE/src/Http/Runner.php, line 65
Cake\Error\Middleware\ErrorHandlerMiddleware::__invoke() - CORE/src/Error/Middleware/ErrorHandlerMiddleware.php, line 96
Cake\Http\Runner::__invoke() - CORE/src/Http/Runner.php, line 65
DebugKit\Middleware\DebugKitMiddleware::__invoke() - ROOT/vendor/cakephp/debug_kit/src/Middleware/DebugKitMiddleware.php, line 53
Cake\Http\Runner::__invoke() - CORE/src/Http/Runner.php, line 65
Cake\Http\Runner::run() - CORE/src/Http/Runner.php, line 51
Cake\Http\Server::run() - CORE/src/Http/Server.php, line 97
require - ROOT/webroot/index.php, line 40
[main] - ROOT/index.php, line 16



2020-04-10 16:56:15 Debug: Array
(
    [0] => App\DataObject\CardBookInfo Object
        (
            [cardId] => 1
            [tagId] => 1
            [occassionId] => 1
            [categoryId] => 1
            [isPresent] => 1
            [lastMaintTs] => paperdocks-ws
            [lastMaintId] => 2020-04-10 16:26:54
            [optCounter] => 0
        )

)

2020-04-10 16:56:15 Notice: Notice (8): Undefined variable: cakeDescription in [/opt/lampp/htdocs/Paperdocks/src/Template/Pages/home.ctp, line 7]
Request URL: /
Trace:
Cake\Error\BaseErrorHandler::handleError() - CORE/src/Error/BaseErrorHandler.php, line 168
Cake\Core\BasePlugin::{closure}() - ROOT/vendor/cakephp/debug_kit/config/bootstrap.php, line 43
include - APP/Template/Pages/home.ctp, line 7
Cake\View\View::_evaluate() - CORE/src/View/View.php, line 1420
Cake\View\View::_render() - CORE/src/View/View.php, line 1381
Cake\View\View::render() - CORE/src/View/View.php, line 879
Cake\Controller\Controller::render() - CORE/src/Controller/Controller.php, line 795
App\Controller\PagesController::display() - APP/Controller/PagesController.php, line 61
Cake\Controller\Controller::invokeAction() - CORE/src/Controller/Controller.php, line 609
Cake\Http\ActionDispatcher::_invoke() - CORE/src/Http/ActionDispatcher.php, line 120
Cake\Http\ActionDispatcher::dispatch() - CORE/src/Http/ActionDispatcher.php, line 94
Cake\Http\BaseApplication::__invoke() - CORE/src/Http/BaseApplication.php, line 234
Cake\Http\Runner::__invoke() - CORE/src/Http/Runner.php, line 65
Cake\Http\Runner::__invoke() - CORE/src/Http/Runner.php, line 65
Cake\Http\Middleware\CsrfProtectionMiddleware::__invoke() - CORE/src/Http/Middleware/CsrfProtectionMiddleware.php, line 124
Cake\Http\Runner::__invoke() - CORE/src/Http/Runner.php, line 65
Cake\Http\Runner::run() - CORE/src/Http/Runner.php, line 51
Cake\Routing\Middleware\RoutingMiddleware::__invoke() - CORE/src/Routing/Middleware/RoutingMiddleware.php, line 168
Cake\Http\Runner::__invoke() - CORE/src/Http/Runner.php, line 65
Cake\Routing\Middleware\AssetMiddleware::__invoke() - CORE/src/Routing/Middleware/AssetMiddleware.php, line 88
Cake\Http\Runner::__invoke() - CORE/src/Http/Runner.php, line 65
Cake\Error\Middleware\ErrorHandlerMiddleware::__invoke() - CORE/src/Error/Middleware/ErrorHandlerMiddleware.php, line 96
Cake\Http\Runner::__invoke() - CORE/src/Http/Runner.php, line 65
DebugKit\Middleware\DebugKitMiddleware::__invoke() - ROOT/vendor/cakephp/debug_kit/src/Middleware/DebugKitMiddleware.php, line 53
Cake\Http\Runner::__invoke() - CORE/src/Http/Runner.php, line 65
Cake\Http\Runner::run() - CORE/src/Http/Runner.php, line 51
Cake\Http\Server::run() - CORE/src/Http/Server.php, line 97
require - ROOT/webroot/index.php, line 40
[main] - ROOT/index.php, line 16



