2020-04-10 16:27:15 Error: [Error] Class 'CardBookInfoDao' not found (/opt/lampp/htdocs/Paperdocks/src/Controller/AppController.php:23)
#0 /opt/lampp/htdocs/Paperdocks/vendor/cakephp/cakephp/src/Controller/Controller.php(272): App\Controller\AppController->initialize()
#1 [internal function]: Cake\Controller\Controller->__construct(Object(Cake\Http\ServerRequest), Object(Cake\Http\Response))
#2 /opt/lampp/htdocs/Paperdocks/vendor/cakephp/cakephp/src/Http/ControllerFactory.php(47): ReflectionClass->newInstance(Object(Cake\Http\ServerRequest), Object(Cake\Http\Response))
#3 /opt/lampp/htdocs/Paperdocks/vendor/cakephp/cakephp/src/Http/ActionDispatcher.php(91): Cake\Http\ControllerFactory->create(Object(Cake\Http\ServerRequest), Object(Cake\Http\Response))
#4 /opt/lampp/htdocs/Paperdocks/vendor/cakephp/cakephp/src/Http/BaseApplication.php(234): Cake\Http\ActionDispatcher->dispatch(Object(Cake\Http\ServerRequest), Object(Cake\Http\Response))
#5 /opt/lampp/htdocs/Paperdocks/vendor/cakephp/cakephp/src/Http/Runner.php(65): Cake\Http\BaseApplication->__invoke(Object(Cake\Http\ServerRequest), Object(Cake\Http\Response), Object(Cake\Http\Runner))
#6 /opt/lampp/htdocs/Paperdocks/vendor/cakephp/cakephp/src/Http/Runner.php(65): Cake\Http\Runner->__invoke(Object(Cake\Http\ServerRequest), Object(Cake\Http\Response), Object(Cake\Http\Runner))
#7 /opt/lampp/htdocs/Paperdocks/vendor/cakephp/cakephp/src/Http/Middleware/CsrfProtectionMiddleware.php(120): Cake\Http\Runner->__invoke(Object(Cake\Http\ServerRequest), Object(Cake\Http\Response))
#8 /opt/lampp/htdocs/Paperdocks/vendor/cakephp/cakephp/src/Http/Runner.php(65): Cake\Http\Middleware\CsrfProtectionMiddleware->__invoke(Object(Cake\Http\ServerRequest), Object(Cake\Http\Response), Object(Cake\Http\Runner))
#9 /opt/lampp/htdocs/Paperdocks/vendor/cakephp/cakephp/src/Http/Runner.php(51): Cake\Http\Runner->__invoke(Object(Cake\Http\ServerRequest), Object(Cake\Http\Response))
#10 /opt/lampp/htdocs/Paperdocks/vendor/cakephp/cakephp/src/Routing/Middleware/RoutingMiddleware.php(168): Cake\Http\Runner->run(Object(Cake\Http\MiddlewareQueue), Object(Cake\Http\ServerRequest), Object(Cake\Http\Response))
#11 /opt/lampp/htdocs/Paperdocks/vendor/cakephp/cakephp/src/Http/Runner.php(65): Cake\Routing\Middleware\RoutingMiddleware->__invoke(Object(Cake\Http\ServerRequest), Object(Cake\Http\Response), Object(Cake\Http\Runner))
#12 /opt/lampp/htdocs/Paperdocks/vendor/cakephp/cakephp/src/Routing/Middleware/AssetMiddleware.php(88): Cake\Http\Runner->__invoke(Object(Cake\Http\ServerRequest), Object(Cake\Http\Response))
#13 /opt/lampp/htdocs/Paperdocks/vendor/cakephp/cakephp/src/Http/Runner.php(65): Cake\Routing\Middleware\AssetMiddleware->__invoke(Object(Cake\Http\ServerRequest), Object(Cake\Http\Response), Object(Cake\Http\Runner))
#14 /opt/lampp/htdocs/Paperdocks/vendor/cakephp/cakephp/src/Error/Middleware/ErrorHandlerMiddleware.php(96): Cake\Http\Runner->__invoke(Object(Cake\Http\ServerRequest), Object(Cake\Http\Response))
#15 /opt/lampp/htdocs/Paperdocks/vendor/cakephp/cakephp/src/Http/Runner.php(65): Cake\Error\Middleware\ErrorHandlerMiddleware->__invoke(Object(Cake\Http\ServerRequest), Object(Cake\Http\Response), Object(Cake\Http\Runner))
#16 /opt/lampp/htdocs/Paperdocks/vendor/cakephp/debug_kit/src/Middleware/DebugKitMiddleware.php(53): Cake\Http\Runner->__invoke(Object(Cake\Http\ServerRequest), Object(Cake\Http\Response))
#17 /opt/lampp/htdocs/Paperdocks/vendor/cakephp/cakephp/src/Http/Runner.php(65): DebugKit\Middleware\DebugKitMiddleware->__invoke(Object(Cake\Http\ServerRequest), Object(Cake\Http\Response), Object(Cake\Http\Runner))
#18 /opt/lampp/htdocs/Paperdocks/vendor/cakephp/cakephp/src/Http/Runner.php(51): Cake\Http\Runner->__invoke(Object(Cake\Http\ServerRequest), Object(Cake\Http\Response))
#19 /opt/lampp/htdocs/Paperdocks/vendor/cakephp/cakephp/src/Http/Server.php(97): Cake\Http\Runner->run(Object(Cake\Http\MiddlewareQueue), Object(Cake\Http\ServerRequest), Object(Cake\Http\Response))
#20 /opt/lampp/htdocs/Paperdocks/webroot/index.php(40): Cake\Http\Server->run()
#21 /opt/lampp/htdocs/Paperdocks/index.php(16): require('/opt/lampp/htdo...')
#22 {main}
Request URL: /


2020-04-10 16:29:46 Error: [Error] Class 'CardBookInfoDao' not found (/opt/lampp/htdocs/Paperdocks/src/Controller/AppController.php:23)
#0 /opt/lampp/htdocs/Paperdocks/vendor/cakephp/cakephp/src/Controller/Controller.php(272): App\Controller\AppController->initialize()
#1 [internal function]: Cake\Controller\Controller->__construct(Object(Cake\Http\ServerRequest), Object(Cake\Http\Response))
#2 /opt/lampp/htdocs/Paperdocks/vendor/cakephp/cakephp/src/Http/ControllerFactory.php(47): ReflectionClass->newInstance(Object(Cake\Http\ServerRequest), Object(Cake\Http\Response))
#3 /opt/lampp/htdocs/Paperdocks/vendor/cakephp/cakephp/src/Http/ActionDispatcher.php(91): Cake\Http\ControllerFactory->create(Object(Cake\Http\ServerRequest), Object(Cake\Http\Response))
#4 /opt/lampp/htdocs/Paperdocks/vendor/cakephp/cakephp/src/Http/BaseApplication.php(234): Cake\Http\ActionDispatcher->dispatch(Object(Cake\Http\ServerRequest), Object(Cake\Http\Response))
#5 /opt/lampp/htdocs/Paperdocks/vendor/cakephp/cakephp/src/Http/Runner.php(65): Cake\Http\BaseApplication->__invoke(Object(Cake\Http\ServerRequest), Object(Cake\Http\Response), Object(Cake\Http\Runner))
#6 /opt/lampp/htdocs/Paperdocks/vendor/cakephp/cakephp/src/Http/Runner.php(65): Cake\Http\Runner->__invoke(Object(Cake\Http\ServerRequest), Object(Cake\Http\Response), Object(Cake\Http\Runner))
#7 /opt/lampp/htdocs/Paperdocks/vendor/cakephp/cakephp/src/Http/Middleware/CsrfProtectionMiddleware.php(120): Cake\Http\Runner->__invoke(Object(Cake\Http\ServerRequest), Object(Cake\Http\Response))
#8 /opt/lampp/htdocs/Paperdocks/vendor/cakephp/cakephp/src/Http/Runner.php(65): Cake\Http\Middleware\CsrfProtectionMiddleware->__invoke(Object(Cake\Http\ServerRequest), Object(Cake\Http\Response), Object(Cake\Http\Runner))
#9 /opt/lampp/htdocs/Paperdocks/vendor/cakephp/cakephp/src/Http/Runner.php(51): Cake\Http\Runner->__invoke(Object(Cake\Http\ServerRequest), Object(Cake\Http\Response))
#10 /opt/lampp/htdocs/Paperdocks/vendor/cakephp/cakephp/src/Routing/Middleware/RoutingMiddleware.php(168): Cake\Http\Runner->run(Object(Cake\Http\MiddlewareQueue), Object(Cake\Http\ServerRequest), Object(Cake\Http\Response))
#11 /opt/lampp/htdocs/Paperdocks/vendor/cakephp/cakephp/src/Http/Runner.php(65): Cake\Routing\Middleware\RoutingMiddleware->__invoke(Object(Cake\Http\ServerRequest), Object(Cake\Http\Response), Object(Cake\Http\Runner))
#12 /opt/lampp/htdocs/Paperdocks/vendor/cakephp/cakephp/src/Routing/Middleware/AssetMiddleware.php(88): Cake\Http\Runner->__invoke(Object(Cake\Http\ServerRequest), Object(Cake\Http\Response))
#13 /opt/lampp/htdocs/Paperdocks/vendor/cakephp/cakephp/src/Http/Runner.php(65): Cake\Routing\Middleware\AssetMiddleware->__invoke(Object(Cake\Http\ServerRequest), Object(Cake\Http\Response), Object(Cake\Http\Runner))
#14 /opt/lampp/htdocs/Paperdocks/vendor/cakephp/cakephp/src/Error/Middleware/ErrorHandlerMiddleware.php(96): Cake\Http\Runner->__invoke(Object(Cake\Http\ServerRequest), Object(Cake\Http\Response))
#15 /opt/lampp/htdocs/Paperdocks/vendor/cakephp/cakephp/src/Http/Runner.php(65): Cake\Error\Middleware\ErrorHandlerMiddleware->__invoke(Object(Cake\Http\ServerRequest), Object(Cake\Http\Response), Object(Cake\Http\Runner))
#16 /opt/lampp/htdocs/Paperdocks/vendor/cakephp/debug_kit/src/Middleware/DebugKitMiddleware.php(53): Cake\Http\Runner->__invoke(Object(Cake\Http\ServerRequest), Object(Cake\Http\Response))
#17 /opt/lampp/htdocs/Paperdocks/vendor/cakephp/cakephp/src/Http/Runner.php(65): DebugKit\Middleware\DebugKitMiddleware->__invoke(Object(Cake\Http\ServerRequest), Object(Cake\Http\Response), Object(Cake\Http\Runner))
#18 /opt/lampp/htdocs/Paperdocks/vendor/cakephp/cakephp/src/Http/Runner.php(51): Cake\Http\Runner->__invoke(Object(Cake\Http\ServerRequest), Object(Cake\Http\Response))
#19 /opt/lampp/htdocs/Paperdocks/vendor/cakephp/cakephp/src/Http/Server.php(97): Cake\Http\Runner->run(Object(Cake\Http\MiddlewareQueue), Object(Cake\Http\ServerRequest), Object(Cake\Http\Response))
#20 /opt/lampp/htdocs/Paperdocks/webroot/index.php(40): Cake\Http\Server->run()
#21 /opt/lampp/htdocs/Paperdocks/index.php(16): require('/opt/lampp/htdo...')
#22 {main}
Request URL: /


2020-04-10 16:38:16 Error: [Error] Class 'CardBookInfoDao' not found (/opt/lampp/htdocs/Paperdocks/src/Controller/AppController.php:23)
#0 /opt/lampp/htdocs/Paperdocks/vendor/cakephp/cakephp/src/Controller/Controller.php(272): App\Controller\AppController->initialize()
#1 [internal function]: Cake\Controller\Controller->__construct(Object(Cake\Http\ServerRequest), Object(Cake\Http\Response))
#2 /opt/lampp/htdocs/Paperdocks/vendor/cakephp/cakephp/src/Http/ControllerFactory.php(47): ReflectionClass->newInstance(Object(Cake\Http\ServerRequest), Object(Cake\Http\Response))
#3 /opt/lampp/htdocs/Paperdocks/vendor/cakephp/cakephp/src/Http/ActionDispatcher.php(91): Cake\Http\ControllerFactory->create(Object(Cake\Http\ServerRequest), Object(Cake\Http\Response))
#4 /opt/lampp/htdocs/Paperdocks/vendor/cakephp/cakephp/src/Http/BaseApplication.php(234): Cake\Http\ActionDispatcher->dispatch(Object(Cake\Http\ServerRequest), Object(Cake\Http\Response))
#5 /opt/lampp/htdocs/Paperdocks/vendor/cakephp/cakephp/src/Http/Runner.php(65): Cake\Http\BaseApplication->__invoke(Object(Cake\Http\ServerRequest), Object(Cake\Http\Response), Object(Cake\Http\Runner))
#6 /opt/lampp/htdocs/Paperdocks/vendor/cakephp/cakephp/src/Http/Runner.php(65): Cake\Http\Runner->__invoke(Object(Cake\Http\ServerRequest), Object(Cake\Http\Response), Object(Cake\Http\Runner))
#7 /opt/lampp/htdocs/Paperdocks/vendor/cakephp/cakephp/src/Http/Middleware/CsrfProtectionMiddleware.php(120): Cake\Http\Runner->__invoke(Object(Cake\Http\ServerRequest), Object(Cake\Http\Response))
#8 /opt/lampp/htdocs/Paperdocks/vendor/cakephp/cakephp/src/Http/Runner.php(65): Cake\Http\Middleware\CsrfProtectionMiddleware->__invoke(Object(Cake\Http\ServerRequest), Object(Cake\Http\Response), Object(Cake\Http\Runner))
#9 /opt/lampp/htdocs/Paperdocks/vendor/cakephp/cakephp/src/Http/Runner.php(51): Cake\Http\Runner->__invoke(Object(Cake\Http\ServerRequest), Object(Cake\Http\Response))
#10 /opt/lampp/htdocs/Paperdocks/vendor/cakephp/cakephp/src/Routing/Middleware/RoutingMiddleware.php(168): Cake\Http\Runner->run(Object(Cake\Http\MiddlewareQueue), Object(Cake\Http\ServerRequest), Object(Cake\Http\Response))
#11 /opt/lampp/htdocs/Paperdocks/vendor/cakephp/cakephp/src/Http/Runner.php(65): Cake\Routing\Middleware\RoutingMiddleware->__invoke(Object(Cake\Http\ServerRequest), Object(Cake\Http\Response), Object(Cake\Http\Runner))
#12 /opt/lampp/htdocs/Paperdocks/vendor/cakephp/cakephp/src/Routing/Middleware/AssetMiddleware.php(88): Cake\Http\Runner->__invoke(Object(Cake\Http\ServerRequest), Object(Cake\Http\Response))
#13 /opt/lampp/htdocs/Paperdocks/vendor/cakephp/cakephp/src/Http/Runner.php(65): Cake\Routing\Middleware\AssetMiddleware->__invoke(Object(Cake\Http\ServerRequest), Object(Cake\Http\Response), Object(Cake\Http\Runner))
#14 /opt/lampp/htdocs/Paperdocks/vendor/cakephp/cakephp/src/Error/Middleware/ErrorHandlerMiddleware.php(96): Cake\Http\Runner->__invoke(Object(Cake\Http\ServerRequest), Object(Cake\Http\Response))
#15 /opt/lampp/htdocs/Paperdocks/vendor/cakephp/cakephp/src/Http/Runner.php(65): Cake\Error\Middleware\ErrorHandlerMiddleware->__invoke(Object(Cake\Http\ServerRequest), Object(Cake\Http\Response), Object(Cake\Http\Runner))
#16 /opt/lampp/htdocs/Paperdocks/vendor/cakephp/debug_kit/src/Middleware/DebugKitMiddleware.php(53): Cake\Http\Runner->__invoke(Object(Cake\Http\ServerRequest), Object(Cake\Http\Response))
#17 /opt/lampp/htdocs/Paperdocks/vendor/cakephp/cakephp/src/Http/Runner.php(65): DebugKit\Middleware\DebugKitMiddleware->__invoke(Object(Cake\Http\ServerRequest), Object(Cake\Http\Response), Object(Cake\Http\Runner))
#18 /opt/lampp/htdocs/Paperdocks/vendor/cakephp/cakephp/src/Http/Runner.php(51): Cake\Http\Runner->__invoke(Object(Cake\Http\ServerRequest), Object(Cake\Http\Response))
#19 /opt/lampp/htdocs/Paperdocks/vendor/cakephp/cakephp/src/Http/Server.php(97): Cake\Http\Runner->run(Object(Cake\Http\MiddlewareQueue), Object(Cake\Http\ServerRequest), Object(Cake\Http\Response))
#20 /opt/lampp/htdocs/Paperdocks/webroot/index.php(40): Cake\Http\Server->run()
#21 /opt/lampp/htdocs/Paperdocks/index.php(16): require('/opt/lampp/htdo...')
#22 {main}
Request URL: /


2020-04-10 16:55:19 Error: [Error] Cannot use object of type App\DataObject\CardBookInfo as array (/opt/lampp/htdocs/Paperdocks/src/Template/Pages/home.ctp:22)
#0 /opt/lampp/htdocs/Paperdocks/vendor/cakephp/cakephp/src/View/View.php(1420): include()
#1 /opt/lampp/htdocs/Paperdocks/vendor/cakephp/cakephp/src/View/View.php(1381): Cake\View\View->_evaluate('/opt/lampp/htdo...', Array)
#2 /opt/lampp/htdocs/Paperdocks/vendor/cakephp/cakephp/src/View/View.php(879): Cake\View\View->_render('/opt/lampp/htdo...')
#3 /opt/lampp/htdocs/Paperdocks/vendor/cakephp/cakephp/src/Controller/Controller.php(795): Cake\View\View->render('home', NULL)
#4 /opt/lampp/htdocs/Paperdocks/src/Controller/PagesController.php(61): Cake\Controller\Controller->render('home')
#5 /opt/lampp/htdocs/Paperdocks/vendor/cakephp/cakephp/src/Controller/Controller.php(609): App\Controller\PagesController->display('home')
#6 /opt/lampp/htdocs/Paperdocks/vendor/cakephp/cakephp/src/Http/ActionDispatcher.php(120): Cake\Controller\Controller->invokeAction()
#7 /opt/lampp/htdocs/Paperdocks/vendor/cakephp/cakephp/src/Http/ActionDispatcher.php(94): Cake\Http\ActionDispatcher->_invoke(Object(App\Controller\PagesController))
#8 /opt/lampp/htdocs/Paperdocks/vendor/cakephp/cakephp/src/Http/BaseApplication.php(234): Cake\Http\ActionDispatcher->dispatch(Object(Cake\Http\ServerRequest), Object(Cake\Http\Response))
#9 /opt/lampp/htdocs/Paperdocks/vendor/cakephp/cakephp/src/Http/Runner.php(65): Cake\Http\BaseApplication->__invoke(Object(Cake\Http\ServerRequest), Object(Cake\Http\Response), Object(Cake\Http\Runner))
#10 /opt/lampp/htdocs/Paperdocks/vendor/cakephp/cakephp/src/Http/Runner.php(65): Cake\Http\Runner->__invoke(Object(Cake\Http\ServerRequest), Object(Cake\Http\Response), Object(Cake\Http\Runner))
#11 /opt/lampp/htdocs/Paperdocks/vendor/cakephp/cakephp/src/Http/Middleware/CsrfProtectionMiddleware.php(124): Cake\Http\Runner->__invoke(Object(Cake\Http\ServerRequest), Object(Cake\Http\Response))
#12 /opt/lampp/htdocs/Paperdocks/vendor/cakephp/cakephp/src/Http/Runner.php(65): Cake\Http\Middleware\CsrfProtectionMiddleware->__invoke(Object(Cake\Http\ServerRequest), Object(Cake\Http\Response), Object(Cake\Http\Runner))
#13 /opt/lampp/htdocs/Paperdocks/vendor/cakephp/cakephp/src/Http/Runner.php(51): Cake\Http\Runner->__invoke(Object(Cake\Http\ServerRequest), Object(Cake\Http\Response))
#14 /opt/lampp/htdocs/Paperdocks/vendor/cakephp/cakephp/src/Routing/Middleware/RoutingMiddleware.php(168): Cake\Http\Runner->run(Object(Cake\Http\MiddlewareQueue), Object(Cake\Http\ServerRequest), Object(Cake\Http\Response))
#15 /opt/lampp/htdocs/Paperdocks/vendor/cakephp/cakephp/src/Http/Runner.php(65): Cake\Routing\Middleware\RoutingMiddleware->__invoke(Object(Cake\Http\ServerRequest), Object(Cake\Http\Response), Object(Cake\Http\Runner))
#16 /opt/lampp/htdocs/Paperdocks/vendor/cakephp/cakephp/src/Routing/Middleware/AssetMiddleware.php(88): Cake\Http\Runner->__invoke(Object(Cake\Http\ServerRequest), Object(Cake\Http\Response))
#17 /opt/lampp/htdocs/Paperdocks/vendor/cakephp/cakephp/src/Http/Runner.php(65): Cake\Routing\Middleware\AssetMiddleware->__invoke(Object(Cake\Http\ServerRequest), Object(Cake\Http\Response), Object(Cake\Http\Runner))
#18 /opt/lampp/htdocs/Paperdocks/vendor/cakephp/cakephp/src/Error/Middleware/ErrorHandlerMiddleware.php(96): Cake\Http\Runner->__invoke(Object(Cake\Http\ServerRequest), Object(Cake\Http\Response))
#19 /opt/lampp/htdocs/Paperdocks/vendor/cakephp/cakephp/src/Http/Runner.php(65): Cake\Error\Middleware\ErrorHandlerMiddleware->__invoke(Object(Cake\Http\ServerRequest), Object(Cake\Http\Response), Object(Cake\Http\Runner))
#20 /opt/lampp/htdocs/Paperdocks/vendor/cakephp/debug_kit/src/Middleware/DebugKitMiddleware.php(53): Cake\Http\Runner->__invoke(Object(Cake\Http\ServerRequest), Object(Cake\Http\Response))
#21 /opt/lampp/htdocs/Paperdocks/vendor/cakephp/cakephp/src/Http/Runner.php(65): DebugKit\Middleware\DebugKitMiddleware->__invoke(Object(Cake\Http\ServerRequest), Object(Cake\Http\Response), Object(Cake\Http\Runner))
#22 /opt/lampp/htdocs/Paperdocks/vendor/cakephp/cakephp/src/Http/Runner.php(51): Cake\Http\Runner->__invoke(Object(Cake\Http\ServerRequest), Object(Cake\Http\Response))
#23 /opt/lampp/htdocs/Paperdocks/vendor/cakephp/cakephp/src/Http/Server.php(97): Cake\Http\Runner->run(Object(Cake\Http\MiddlewareQueue), Object(Cake\Http\ServerRequest), Object(Cake\Http\Response))
#24 /opt/lampp/htdocs/Paperdocks/webroot/index.php(40): Cake\Http\Server->run()
#25 /opt/lampp/htdocs/Paperdocks/index.php(16): require('/opt/lampp/htdo...')
#26 {main}
Request URL: /


2020-04-10 16:55:49 Error: [Error] Cannot use object of type App\DataObject\CardBookInfo as array (/opt/lampp/htdocs/Paperdocks/src/Template/Pages/home.ctp:22)
#0 /opt/lampp/htdocs/Paperdocks/vendor/cakephp/cakephp/src/View/View.php(1420): include()
#1 /opt/lampp/htdocs/Paperdocks/vendor/cakephp/cakephp/src/View/View.php(1381): Cake\View\View->_evaluate('/opt/lampp/htdo...', Array)
#2 /opt/lampp/htdocs/Paperdocks/vendor/cakephp/cakephp/src/View/View.php(879): Cake\View\View->_render('/opt/lampp/htdo...')
#3 /opt/lampp/htdocs/Paperdocks/vendor/cakephp/cakephp/src/Controller/Controller.php(795): Cake\View\View->render('home', NULL)
#4 /opt/lampp/htdocs/Paperdocks/src/Controller/PagesController.php(61): Cake\Controller\Controller->render('home')
#5 /opt/lampp/htdocs/Paperdocks/vendor/cakephp/cakephp/src/Controller/Controller.php(609): App\Controller\PagesController->display('home')
#6 /opt/lampp/htdocs/Paperdocks/vendor/cakephp/cakephp/src/Http/ActionDispatcher.php(120): Cake\Controller\Controller->invokeAction()
#7 /opt/lampp/htdocs/Paperdocks/vendor/cakephp/cakephp/src/Http/ActionDispatcher.php(94): Cake\Http\ActionDispatcher->_invoke(Object(App\Controller\PagesController))
#8 /opt/lampp/htdocs/Paperdocks/vendor/cakephp/cakephp/src/Http/BaseApplication.php(234): Cake\Http\ActionDispatcher->dispatch(Object(Cake\Http\ServerRequest), Object(Cake\Http\Response))
#9 /opt/lampp/htdocs/Paperdocks/vendor/cakephp/cakephp/src/Http/Runner.php(65): Cake\Http\BaseApplication->__invoke(Object(Cake\Http\ServerRequest), Object(Cake\Http\Response), Object(Cake\Http\Runner))
#10 /opt/lampp/htdocs/Paperdocks/vendor/cakephp/cakephp/src/Http/Runner.php(65): Cake\Http\Runner->__invoke(Object(Cake\Http\ServerRequest), Object(Cake\Http\Response), Object(Cake\Http\Runner))
#11 /opt/lampp/htdocs/Paperdocks/vendor/cakephp/cakephp/src/Http/Middleware/CsrfProtectionMiddleware.php(124): Cake\Http\Runner->__invoke(Object(Cake\Http\ServerRequest), Object(Cake\Http\Response))
#12 /opt/lampp/htdocs/Paperdocks/vendor/cakephp/cakephp/src/Http/Runner.php(65): Cake\Http\Middleware\CsrfProtectionMiddleware->__invoke(Object(Cake\Http\ServerRequest), Object(Cake\Http\Response), Object(Cake\Http\Runner))
#13 /opt/lampp/htdocs/Paperdocks/vendor/cakephp/cakephp/src/Http/Runner.php(51): Cake\Http\Runner->__invoke(Object(Cake\Http\ServerRequest), Object(Cake\Http\Response))
#14 /opt/lampp/htdocs/Paperdocks/vendor/cakephp/cakephp/src/Routing/Middleware/RoutingMiddleware.php(168): Cake\Http\Runner->run(Object(Cake\Http\MiddlewareQueue), Object(Cake\Http\ServerRequest), Object(Cake\Http\Response))
#15 /opt/lampp/htdocs/Paperdocks/vendor/cakephp/cakephp/src/Http/Runner.php(65): Cake\Routing\Middleware\RoutingMiddleware->__invoke(Object(Cake\Http\ServerRequest), Object(Cake\Http\Response), Object(Cake\Http\Runner))
#16 /opt/lampp/htdocs/Paperdocks/vendor/cakephp/cakephp/src/Routing/Middleware/AssetMiddleware.php(88): Cake\Http\Runner->__invoke(Object(Cake\Http\ServerRequest), Object(Cake\Http\Response))
#17 /opt/lampp/htdocs/Paperdocks/vendor/cakephp/cakephp/src/Http/Runner.php(65): Cake\Routing\Middleware\AssetMiddleware->__invoke(Object(Cake\Http\ServerRequest), Object(Cake\Http\Response), Object(Cake\Http\Runner))
#18 /opt/lampp/htdocs/Paperdocks/vendor/cakephp/cakephp/src/Error/Middleware/ErrorHandlerMiddleware.php(96): Cake\Http\Runner->__invoke(Object(Cake\Http\ServerRequest), Object(Cake\Http\Response))
#19 /opt/lampp/htdocs/Paperdocks/vendor/cakephp/cakephp/src/Http/Runner.php(65): Cake\Error\Middleware\ErrorHandlerMiddleware->__invoke(Object(Cake\Http\ServerRequest), Object(Cake\Http\Response), Object(Cake\Http\Runner))
#20 /opt/lampp/htdocs/Paperdocks/vendor/cakephp/debug_kit/src/Middleware/DebugKitMiddleware.php(53): Cake\Http\Runner->__invoke(Object(Cake\Http\ServerRequest), Object(Cake\Http\Response))
#21 /opt/lampp/htdocs/Paperdocks/vendor/cakephp/cakephp/src/Http/Runner.php(65): DebugKit\Middleware\DebugKitMiddleware->__invoke(Object(Cake\Http\ServerRequest), Object(Cake\Http\Response), Object(Cake\Http\Runner))
#22 /opt/lampp/htdocs/Paperdocks/vendor/cakephp/cakephp/src/Http/Runner.php(51): Cake\Http\Runner->__invoke(Object(Cake\Http\ServerRequest), Object(Cake\Http\Response))
#23 /opt/lampp/htdocs/Paperdocks/vendor/cakephp/cakephp/src/Http/Server.php(97): Cake\Http\Runner->run(Object(Cake\Http\MiddlewareQueue), Object(Cake\Http\ServerRequest), Object(Cake\Http\Response))
#24 /opt/lampp/htdocs/Paperdocks/webroot/index.php(40): Cake\Http\Server->run()
#25 /opt/lampp/htdocs/Paperdocks/index.php(16): require('/opt/lampp/htdo...')
#26 {main}
Request URL: /


